2020-06-05 17:45:20.806 | WARNING  | __main__:<module>:79 - ====================[lg]====================
2020-06-05 17:45:20.808 | INFO     | __main__:<module>:80 - 
accuracy=0.8754826254826255	weighted_f1=0.8937997673786513
micro_precision=0.8754826254826255	mac_precision=0.8754826254826255
mac_recall=0.640719610029073	micro_recall=0.8754826254826255

2020-06-05 17:45:20.818 | INFO     | __main__:<module>:84 - classification report
              precision    recall  f1-score   support

        -1.0       0.96      0.91      0.93      1955
         1.0       0.19      0.38      0.25       117

    accuracy                           0.88      2072
   macro avg       0.58      0.64      0.59      2072
weighted avg       0.92      0.88      0.89      2072

2020-06-05 17:45:20.833 | INFO     | __main__:<module>:85 - confusion matrix
[[1770  185]
 [  73   44]]
2020-06-05 17:45:22.514 | WARNING  | __main__:<module>:79 - ====================[lsvc]====================
2020-06-05 17:45:22.516 | INFO     | __main__:<module>:80 - 
accuracy=0.8827220077220077	weighted_f1=0.8979704327839061
micro_precision=0.8827220077220077	mac_precision=0.8827220077220077
mac_recall=0.6365204275690209	micro_recall=0.8827220077220077

2020-06-05 17:45:22.525 | INFO     | __main__:<module>:84 - classification report
              precision    recall  f1-score   support

        -1.0       0.96      0.91      0.94      1955
         1.0       0.20      0.36      0.26       117

    accuracy                           0.88      2072
   macro avg       0.58      0.64      0.60      2072
weighted avg       0.92      0.88      0.90      2072

2020-06-05 17:45:22.542 | INFO     | __main__:<module>:85 - confusion matrix
[[1787  168]
 [  75   42]]
2020-06-05 17:45:44.649 | WARNING  | __main__:<module>:79 - ====================[svc]====================
2020-06-05 17:45:44.649 | INFO     | __main__:<module>:80 - 
accuracy=0.8706563706563707	weighted_f1=0.8911380574171274
micro_precision=0.8706563706563707	mac_precision=0.8706563706563707
mac_recall=0.6461975648676416	micro_recall=0.8706563706563707

2020-06-05 17:45:44.654 | INFO     | __main__:<module>:84 - classification report
              precision    recall  f1-score   support

        -1.0       0.96      0.90      0.93      1955
         1.0       0.19      0.39      0.26       117

    accuracy                           0.87      2072
   macro avg       0.58      0.65      0.59      2072
weighted avg       0.92      0.87      0.89      2072

2020-06-05 17:45:44.660 | INFO     | __main__:<module>:85 - confusion matrix
[[1758  197]
 [  71   46]]
2020-06-05 17:45:44.872 | WARNING  | __main__:<module>:79 - ====================[knn]====================
2020-06-05 17:45:44.873 | INFO     | __main__:<module>:80 - 
accuracy=0.7915057915057915	weighted_f1=0.8379333091669338
micro_precision=0.7915057915057915	mac_precision=0.7915057915057915
mac_recall=0.5158633353006754	micro_recall=0.7915057915057915

2020-06-05 17:45:44.877 | INFO     | __main__:<module>:84 - classification report
              precision    recall  f1-score   support

        -1.0       0.95      0.83      0.88      1955
         1.0       0.07      0.21      0.10       117

    accuracy                           0.79      2072
   macro avg       0.51      0.52      0.49      2072
weighted avg       0.90      0.79      0.84      2072

2020-06-05 17:45:44.884 | INFO     | __main__:<module>:85 - confusion matrix
[[1616  339]
 [  93   24]]
2020-06-05 17:45:44.970 | WARNING  | __main__:<module>:79 - ====================[rf]====================
2020-06-05 17:45:44.970 | INFO     | __main__:<module>:80 - 
accuracy=0.8672779922779923	weighted_f1=0.8875659014094462
micro_precision=0.8672779922779923	mac_precision=0.8672779922779923
mac_recall=0.6162830349531117	micro_recall=0.8672779922779923

2020-06-05 17:45:44.975 | INFO     | __main__:<module>:84 - classification report
              precision    recall  f1-score   support

        -1.0       0.96      0.90      0.93      1955
         1.0       0.17      0.33      0.22       117

    accuracy                           0.87      2072
   macro avg       0.56      0.62      0.57      2072
weighted avg       0.91      0.87      0.89      2072

2020-06-05 17:45:44.981 | INFO     | __main__:<module>:85 - confusion matrix
[[1758  197]
 [  78   39]]
2020-06-05 17:45:44.991 | WARNING  | __main__:<module>:79 - ====================[ada]====================
2020-06-05 17:45:44.992 | INFO     | __main__:<module>:80 - 
accuracy=0.7055984555984556	weighted_f1=0.7845963865000819
micro_precision=0.7055984555984556	mac_precision=0.7055984555984556
mac_recall=0.6752442783133321	micro_recall=0.7055984555984556

2020-06-05 17:45:44.996 | INFO     | __main__:<module>:84 - classification report
              precision    recall  f1-score   support

        -1.0       0.97      0.71      0.82      1955
         1.0       0.12      0.64      0.20       117

    accuracy                           0.71      2072
   macro avg       0.54      0.68      0.51      2072
weighted avg       0.92      0.71      0.78      2072

2020-06-05 17:45:45.003 | INFO     | __main__:<module>:85 - confusion matrix
[[1387  568]
 [  42   75]]
2020-06-05 17:45:45.758 | WARNING  | __main__:<module>:79 - ====================[gradboost]====================
2020-06-05 17:45:45.759 | INFO     | __main__:<module>:80 - 
accuracy=0.8127413127413128	weighted_f1=0.8513696215640059
micro_precision=0.8127413127413128	mac_precision=0.8127413127413128
mac_recall=0.5351520318272236	micro_recall=0.8127413127413128

2020-06-05 17:45:45.763 | INFO     | __main__:<module>:84 - classification report
              precision    recall  f1-score   support

        -1.0       0.95      0.85      0.90      1955
         1.0       0.08      0.22      0.12       117

    accuracy                           0.81      2072
   macro avg       0.51      0.54      0.51      2072
weighted avg       0.90      0.81      0.85      2072

2020-06-05 17:45:45.770 | INFO     | __main__:<module>:85 - confusion matrix
[[1658  297]
 [  91   26]]
2020-06-05 17:45:46.336 | WARNING  | __main__:<module>:79 - ====================[xgb]====================
2020-06-05 17:45:46.337 | INFO     | __main__:<module>:80 - 
accuracy=0.8397683397683398	weighted_f1=0.8680760936108423
micro_precision=0.8397683397683398	mac_precision=0.8397683397683398
mac_recall=0.5534920322644108	micro_recall=0.8397683397683398

2020-06-05 17:45:46.342 | INFO     | __main__:<module>:84 - classification report
              precision    recall  f1-score   support

        -1.0       0.95      0.88      0.91      1955
         1.0       0.10      0.23      0.14       117

    accuracy                           0.84      2072
   macro avg       0.53      0.55      0.53      2072
weighted avg       0.90      0.84      0.87      2072

2020-06-05 17:45:46.348 | INFO     | __main__:<module>:85 - confusion matrix
[[1713  242]
 [  90   27]]
2020-06-05 17:45:46.429 | WARNING  | __main__:<module>:79 - ====================[lgb]====================
2020-06-05 17:45:46.429 | INFO     | __main__:<module>:80 - 
accuracy=0.8634169884169884	weighted_f1=0.8847279182442823
micro_precision=0.8634169884169884	mac_precision=0.8634169884169884
mac_recall=0.6062014995518832	micro_recall=0.8634169884169884

2020-06-05 17:45:46.434 | INFO     | __main__:<module>:84 - classification report
              precision    recall  f1-score   support

        -1.0       0.96      0.90      0.93      1955
         1.0       0.15      0.32      0.21       117

    accuracy                           0.86      2072
   macro avg       0.56      0.61      0.57      2072
weighted avg       0.91      0.86      0.88      2072

2020-06-05 17:45:46.441 | INFO     | __main__:<module>:85 - confusion matrix
[[1752  203]
 [  80   37]]
